{
  "stats": {
    "suites": 1,
    "tests": 1,
    "passes": 1,
    "pending": 0,
    "failures": 0,
    "start": "2017-06-05T13:54:43.993Z",
    "end": "2017-06-05T13:54:44.121Z",
    "duration": 128,
    "testsRegistered": 1,
    "passPercent": 100,
    "pendingPercent": 0,
    "other": 0,
    "hasOther": false,
    "skipped": 0,
    "hasSkipped": false,
    "passPercentClass": "success",
    "pendingPercentClass": "danger"
  },
  "suites": {
    "title": "",
    "suites": [
      {
        "title": "should add test",
        "suites": [],
        "tests": [
          {
            "title": "1 and 2 to 3",
            "fullTitle": "should add test 1 and 2 to 3",
            "timedOut": false,
            "duration": 4,
            "state": "passed",
            "speed": "fast",
            "pass": true,
            "fail": false,
            "pending": false,
            "code": "expect(add(1,2)).to.be.equal(3);",
            "err": {},
            "isRoot": false,
            "uuid": "2bc28217-b350-482e-bb19-7f7042f87f55",
            "parentUUID": "7aa4e3b9-9be1-49f1-b4f5-2926e3f54a38",
            "isHook": false,
            "skipped": false
          }
        ],
        "pending": [],
        "root": false,
        "_timeout": 2000,
        "file": "/test.js",
        "uuid": "7aa4e3b9-9be1-49f1-b4f5-2926e3f54a38",
        "failedHooks": [],
        "fullFile": "/home/liyan/mocha-demo/test.js",
        "passes": [
          {
            "title": "1 and 2 to 3",
            "fullTitle": "should add test 1 and 2 to 3",
            "timedOut": false,
            "duration": 4,
            "state": "passed",
            "speed": "fast",
            "pass": true,
            "fail": false,
            "pending": false,
            "code": "expect(add(1,2)).to.be.equal(3);",
            "err": {},
            "isRoot": false,
            "uuid": "2bc28217-b350-482e-bb19-7f7042f87f55",
            "parentUUID": "7aa4e3b9-9be1-49f1-b4f5-2926e3f54a38",
            "isHook": false,
            "skipped": false
          }
        ],
        "failures": [],
        "skipped": [],
        "hasTests": true,
        "hasFailedHooks": false,
        "hasSuites": false,
        "totalTests": 1,
        "totalPasses": 1,
        "totalFailures": 0,
        "totalPending": 0,
        "totalSkipped": 0,
        "hasPasses": true,
        "hasFailures": false,
        "hasPending": false,
        "hasSkipped": false,
        "duration": 4,
        "rootEmpty": false
      }
    ],
    "tests": [],
    "pending": [],
    "root": true,
    "_timeout": 2000,
    "uuid": "c203f90e-29ea-4fe6-999e-6d1a850bb280",
    "failedHooks": [],
    "fullFile": "",
    "file": "",
    "passes": [],
    "failures": [],
    "skipped": [],
    "hasTests": false,
    "hasFailedHooks": false,
    "hasSuites": true,
    "totalTests": 0,
    "totalPasses": 0,
    "totalFailures": 0,
    "totalPending": 0,
    "totalSkipped": 0,
    "hasPasses": false,
    "hasFailures": false,
    "hasPending": false,
    "hasSkipped": false,
    "duration": 0,
    "rootEmpty": true
  },
  "allTests": [
    {
      "title": "1 and 2 to 3",
      "fullTitle": "should add test 1 and 2 to 3",
      "timedOut": false,
      "duration": 4,
      "state": "passed",
      "speed": "fast",
      "pass": true,
      "fail": false,
      "pending": false,
      "code": "expect(add(1,2)).to.be.equal(3);",
      "err": {},
      "isRoot": false,
      "uuid": "2bc28217-b350-482e-bb19-7f7042f87f55",
      "parentUUID": "7aa4e3b9-9be1-49f1-b4f5-2926e3f54a38",
      "isHook": false,
      "skipped": false
    }
  ],
  "allPending": [],
  "allPasses": [
    {
      "title": "1 and 2 to 3",
      "fullTitle": "should add test 1 and 2 to 3",
      "timedOut": false,
      "duration": 4,
      "state": "passed",
      "speed": "fast",
      "pass": true,
      "fail": false,
      "pending": false,
      "code": "expect(add(1,2)).to.be.equal(3);",
      "err": {},
      "isRoot": false,
      "uuid": "2bc28217-b350-482e-bb19-7f7042f87f55",
      "parentUUID": "7aa4e3b9-9be1-49f1-b4f5-2926e3f54a38",
      "isHook": false,
      "skipped": false
    }
  ],
  "allFailures": [],
  "copyrightYear": 2017
}